<?xml version="1.0" encoding="UTF-8"?>
<testsuite name="TaskTest" tests="9" skipped="0" failures="0" errors="0" timestamp="2015-08-20T18:37:11" hostname="epicodus-105.local" time="0.001">
  <properties/>
  <testcase name="find_returnsNullWhenNoTaskFound_null" classname="TaskTest" time="0.0"/>
  <testcase name="clear_emptiesAllTasksFromArrayList" classname="TaskTest" time="0.0"/>
  <testcase name="task_instantiatesWithDescription_true" classname="TaskTest" time="0.0"/>
  <testcase name="task_instantiatesCorrectly_true" classname="TaskTest" time="0.0"/>
  <testcase name="isCompletedisFalseAfterInstantation_false" classname="TaskTest" time="0.001"/>
  <testcase name="getCreateAt_instantiatesWithCurrentTime_today" classname="TaskTest" time="0.0"/>
  <testcase name="newId_tasksInstantiateWithAnID_true" classname="TaskTest" time="0.0"/>
  <testcase name="all_returnsAllInstancesOfTask_true" classname="TaskTest" time="0.0"/>
  <testcase name="find_returnsTaskWithSameId_secondTask" classname="TaskTest" time="0.0"/>
  <system-out><![CDATA[]]></system-out>
  <system-err><![CDATA[]]></system-err>
</testsuite>
