<?xml version="1.0" encoding="UTF-8"?>
<testsuite name="AppTest" tests="4" skipped="0" failures="0" errors="0" timestamp="2015-08-20T18:37:10" hostname="epicodus-105.local" time="1.626">
  <properties/>
  <testcase name="rootTest" classname="AppTest" time="0.236"/>
  <testcase name="categoryIsCreatedTest" classname="AppTest" time="0.704"/>
  <testcase name="categoryIsDisplayedTest" classname="AppTest" time="0.313"/>
  <testcase name="categoryTasksFormIsDisplayed" classname="AppTest" time="0.362"/>
  <system-out><![CDATA[]]></system-out>
  <system-err><![CDATA[[Thread-4] INFO spark.webserver.SparkServer - == Spark has ignited ...
[Thread-4] INFO spark.webserver.SparkServer - >> Listening on 0.0.0.0:4567
[Thread-4] INFO org.eclipse.jetty.server.Server - jetty-9.0.2.v20130417
[Thread-4] INFO org.eclipse.jetty.server.ServerConnector - Started ServerConnector@3d10ada2{HTTP/1.1}{0.0.0.0:4567}
Aug 20, 2015 11:37:10 AM com.gargoylesoftware.htmlunit.DefaultCssErrorHandler error
WARNING: CSS error: 'https://maxcdn.bootstrapcdn.com/bootstrap/3.2.0/css/bootstrap.min.css' [5:14693] Error in media list. (Invalid token "(". Was expecting one of: <S>, <IDENT>.)
Aug 20, 2015 11:37:10 AM com.gargoylesoftware.htmlunit.DefaultCssErrorHandler error
WARNING: CSS error: 'https://maxcdn.bootstrapcdn.com/bootstrap/3.2.0/css/bootstrap.min.css' [5:16291] Error in media list. (Invalid token "(". Was expecting one of: <S>, <IDENT>.)
Aug 20, 2015 11:37:10 AM com.gargoylesoftware.htmlunit.DefaultCssErrorHandler error
WARNING: CSS error: 'https://maxcdn.bootstrapcdn.com/bootstrap/3.2.0/css/bootstrap.min.css' [5:18566] Error in media list. (Invalid token "(". Was expecting one of: <S>, <IDENT>.)
Aug 20, 2015 11:37:10 AM com.gargoylesoftware.htmlunit.DefaultCssErrorHandler error
WARNING: CSS error: 'https://maxcdn.bootstrapcdn.com/bootstrap/3.2.0/css/bootstrap.min.css' [5:18615] Error in media list. (Invalid token "(". Was expecting one of: <S>, <IDENT>.)
Aug 20, 2015 11:37:10 AM com.gargoylesoftware.htmlunit.DefaultCssErrorHandler error
WARNING: CSS error: 'https://maxcdn.bootstrapcdn.com/bootstrap/3.2.0/css/bootstrap.min.css' [5:18664] Error in media list. (Invalid token "(". Was expecting one of: <S>, <IDENT>.)
Aug 20, 2015 11:37:10 AM com.gargoylesoftware.htmlunit.DefaultCssErrorHandler error
WARNING: CSS error: 'https://maxcdn.bootstrapcdn.com/bootstrap/3.2.0/css/bootstrap.min.css' [5:21148] Error in media list. (Invalid token "(". Was expecting one of: <S>, <IDENT>.)
Aug 20, 2015 11:37:10 AM com.gargoylesoftware.htmlunit.DefaultCssErrorHandler error
WARNING: CSS error: 'https://maxcdn.bootstrapcdn.com/bootstrap/3.2.0/css/bootstrap.min.css' [5:22914] Error in media list. (Invalid token "(". Was expecting one of: <S>, <IDENT>.)
Aug 20, 2015 11:37:10 AM com.gargoylesoftware.htmlunit.DefaultCssErrorHandler error
WARNING: CSS error: 'https://maxcdn.bootstrapcdn.com/bootstrap/3.2.0/css/bootstrap.min.css' [5:24680] Error in media list. (Invalid token "(". Was expecting one of: <S>, <IDENT>.)
Aug 20, 2015 11:37:10 AM com.gargoylesoftware.htmlunit.DefaultCssErrorHandler error
WARNING: CSS error: 'https://maxcdn.bootstrapcdn.com/bootstrap/3.2.0/css/bootstrap.min.css' [5:30763] Error in @media rule. (Invalid token "and". Was expecting one of: <S>, <LBRACE>, <COMMA>.)
Aug 20, 2015 11:37:10 AM com.gargoylesoftware.htmlunit.DefaultCssErrorHandler warning
WARNING: CSS warning: 'https://maxcdn.bootstrapcdn.com/bootstrap/3.2.0/css/bootstrap.min.css' [5:30763] Ignoring the whole rule.
Aug 20, 2015 11:37:10 AM com.gargoylesoftware.htmlunit.DefaultCssErrorHandler error
WARNING: CSS error: 'https://maxcdn.bootstrapcdn.com/bootstrap/3.2.0/css/bootstrap.min.css' [5:38743] Error in media list. (Invalid token "(". Was expecting one of: <S>, <IDENT>.)
Aug 20, 2015 11:37:10 AM com.gargoylesoftware.htmlunit.DefaultCssErrorHandler error
WARNING: CSS error: 'https://maxcdn.bootstrapcdn.com/bootstrap/3.2.0/css/bootstrap.min.css' [5:39908] Error in media list. (Invalid token "(". Was expecting one of: <S>, <IDENT>.)
Aug 20, 2015 11:37:10 AM com.gargoylesoftware.htmlunit.DefaultCssErrorHandler error
WARNING: CSS error: 'https://maxcdn.bootstrapcdn.com/bootstrap/3.2.0/css/bootstrap.min.css' [5:40086] Error in media list. (Invalid token "(". Was expecting one of: <S>, <IDENT>.)
Aug 20, 2015 11:37:10 AM com.gargoylesoftware.htmlunit.DefaultCssErrorHandler error
WARNING: CSS error: 'https://maxcdn.bootstrapcdn.com/bootstrap/3.2.0/css/bootstrap.min.css' [5:40178] Error in media list. (Invalid token "(". Was expecting one of: <S>, <IDENT>.)
Aug 20, 2015 11:37:11 AM com.gargoylesoftware.htmlunit.DefaultCssErrorHandler error
WARNING: CSS error: 'https://maxcdn.bootstrapcdn.com/bootstrap/3.2.0/css/bootstrap.min.css' [5:49282] Error in expression; ':' found after identifier "progid".
Aug 20, 2015 11:37:11 AM com.gargoylesoftware.htmlunit.DefaultCssErrorHandler error
WARNING: CSS error: 'https://maxcdn.bootstrapcdn.com/bootstrap/3.2.0/css/bootstrap.min.css' [5:49917] Error in media list. (Invalid token "(". Was expecting one of: <S>, <IDENT>.)
Aug 20, 2015 11:37:11 AM com.gargoylesoftware.htmlunit.DefaultCssErrorHandler error
WARNING: CSS error: 'https://maxcdn.bootstrapcdn.com/bootstrap/3.2.0/css/bootstrap.min.css' [5:58448] Error in media list. (Invalid token "(". Was expecting one of: <S>, <IDENT>.)
Aug 20, 2015 11:37:11 AM com.gargoylesoftware.htmlunit.DefaultCssErrorHandler error
WARNING: CSS error: 'https://maxcdn.bootstrapcdn.com/bootstrap/3.2.0/css/bootstrap.min.css' [5:58772] Error in media list. (Invalid token "(". Was expecting one of: <S>, <IDENT>.)
Aug 20, 2015 11:37:11 AM com.gargoylesoftware.htmlunit.DefaultCssErrorHandler error
WARNING: CSS error: 'https://maxcdn.bootstrapcdn.com/bootstrap/3.2.0/css/bootstrap.min.css' [5:59475] Error in media list. (Invalid token "(". Was expecting one of: <S>, <IDENT>.)
Aug 20, 2015 11:37:11 AM com.gargoylesoftware.htmlunit.DefaultCssErrorHandler error
WARNING: CSS error: 'https://maxcdn.bootstrapcdn.com/bootstrap/3.2.0/css/bootstrap.min.css' [5:59801] Error in media list. (Invalid token "(". Was expecting one of: <S>, <IDENT>.)
Aug 20, 2015 11:37:11 AM com.gargoylesoftware.htmlunit.DefaultCssErrorHandler error
WARNING: CSS error: 'https://maxcdn.bootstrapcdn.com/bootstrap/3.2.0/css/bootstrap.min.css' [5:60287] Error in media list. (Invalid token "(". Was expecting one of: <S>, <IDENT>.)
Aug 20, 2015 11:37:11 AM com.gargoylesoftware.htmlunit.DefaultCssErrorHandler error
WARNING: CSS error: 'https://maxcdn.bootstrapcdn.com/bootstrap/3.2.0/css/bootstrap.min.css' [5:60339] Error in media list. (Invalid token "(". Was expecting one of: <S>, <IDENT>.)
Aug 20, 2015 11:37:11 AM com.gargoylesoftware.htmlunit.DefaultCssErrorHandler error
WARNING: CSS error: 'https://maxcdn.bootstrapcdn.com/bootstrap/3.2.0/css/bootstrap.min.css' [5:60666] Error in media list. (Invalid token "(". Was expecting one of: <S>, <IDENT>.)
Aug 20, 2015 11:37:11 AM com.gargoylesoftware.htmlunit.DefaultCssErrorHandler error
WARNING: CSS error: 'https://maxcdn.bootstrapcdn.com/bootstrap/3.2.0/css/bootstrap.min.css' [5:61158] Error in media list. (Invalid token "(". Was expecting one of: <S>, <IDENT>.)
Aug 20, 2015 11:37:11 AM com.gargoylesoftware.htmlunit.DefaultCssErrorHandler error
WARNING: CSS error: 'https://maxcdn.bootstrapcdn.com/bootstrap/3.2.0/css/bootstrap.min.css' [5:61459] Error in media list. (Invalid token "(". Was expecting one of: <S>, <IDENT>.)
Aug 20, 2015 11:37:11 AM com.gargoylesoftware.htmlunit.DefaultCssErrorHandler error
WARNING: CSS error: 'https://maxcdn.bootstrapcdn.com/bootstrap/3.2.0/css/bootstrap.min.css' [5:61687] Error in media list. (Invalid token "(". Was expecting one of: <S>, <IDENT>.)
Aug 20, 2015 11:37:11 AM com.gargoylesoftware.htmlunit.DefaultCssErrorHandler error
WARNING: CSS error: 'https://maxcdn.bootstrapcdn.com/bootstrap/3.2.0/css/bootstrap.min.css' [5:61928] Error in media list. (Invalid token "(". Was expecting one of: <S>, <IDENT>.)
Aug 20, 2015 11:37:11 AM com.gargoylesoftware.htmlunit.DefaultCssErrorHandler error
WARNING: CSS error: 'https://maxcdn.bootstrapcdn.com/bootstrap/3.2.0/css/bootstrap.min.css' [5:62269] Error in media list. (Invalid token "(". Was expecting one of: <S>, <IDENT>.)
Aug 20, 2015 11:37:11 AM com.gargoylesoftware.htmlunit.DefaultCssErrorHandler error
WARNING: CSS error: 'https://maxcdn.bootstrapcdn.com/bootstrap/3.2.0/css/bootstrap.min.css' [5:62756] Error in media list. (Invalid token "(". Was expecting one of: <S>, <IDENT>.)
Aug 20, 2015 11:37:11 AM com.gargoylesoftware.htmlunit.DefaultCssErrorHandler error
WARNING: CSS error: 'https://maxcdn.bootstrapcdn.com/bootstrap/3.2.0/css/bootstrap.min.css' [5:62912] Error in media list. (Invalid token "(". Was expecting one of: <S>, <IDENT>.)
Aug 20, 2015 11:37:11 AM com.gargoylesoftware.htmlunit.DefaultCssErrorHandler error
WARNING: CSS error: 'https://maxcdn.bootstrapcdn.com/bootstrap/3.2.0/css/bootstrap.min.css' [5:63379] Error in media list. (Invalid token "(". Was expecting one of: <S>, <IDENT>.)
Aug 20, 2015 11:37:11 AM com.gargoylesoftware.htmlunit.DefaultCssErrorHandler error
WARNING: CSS error: 'https://maxcdn.bootstrapcdn.com/bootstrap/3.2.0/css/bootstrap.min.css' [5:63572] Error in media list. (Invalid token "(". Was expecting one of: <S>, <IDENT>.)
Aug 20, 2015 11:37:11 AM com.gargoylesoftware.htmlunit.DefaultCssErrorHandler error
WARNING: CSS error: 'https://maxcdn.bootstrapcdn.com/bootstrap/3.2.0/css/bootstrap.min.css' [5:63996] Error in media list. (Invalid token "(". Was expecting one of: <S>, <IDENT>.)
Aug 20, 2015 11:37:11 AM com.gargoylesoftware.htmlunit.DefaultCssErrorHandler error
WARNING: CSS error: 'https://maxcdn.bootstrapcdn.com/bootstrap/3.2.0/css/bootstrap.min.css' [5:64867] Error in media list. (Invalid token "(". Was expecting one of: <S>, <IDENT>.)
Aug 20, 2015 11:37:11 AM com.gargoylesoftware.htmlunit.DefaultCssErrorHandler error
WARNING: CSS error: 'https://maxcdn.bootstrapcdn.com/bootstrap/3.2.0/css/bootstrap.min.css' [5:64936] Error in media list. (Invalid token "(". Was expecting one of: <S>, <IDENT>.)
Aug 20, 2015 11:37:11 AM com.gargoylesoftware.htmlunit.DefaultCssErrorHandler error
WARNING: CSS error: 'https://maxcdn.bootstrapcdn.com/bootstrap/3.2.0/css/bootstrap.min.css' [5:65554] Error in media list. (Invalid token "(". Was expecting one of: <S>, <IDENT>.)
Aug 20, 2015 11:37:11 AM com.gargoylesoftware.htmlunit.DefaultCssErrorHandler error
WARNING: CSS error: 'https://maxcdn.bootstrapcdn.com/bootstrap/3.2.0/css/bootstrap.min.css' [5:66892] Error in media list. (Invalid token "(". Was expecting one of: <S>, <IDENT>.)
Aug 20, 2015 11:37:11 AM com.gargoylesoftware.htmlunit.DefaultCssErrorHandler error
WARNING: CSS error: 'https://maxcdn.bootstrapcdn.com/bootstrap/3.2.0/css/bootstrap.min.css' [5:69193] Error in media list. (Invalid token "(". Was expecting one of: <S>, <IDENT>.)
Aug 20, 2015 11:37:11 AM com.gargoylesoftware.htmlunit.DefaultCssErrorHandler error
WARNING: CSS error: 'https://maxcdn.bootstrapcdn.com/bootstrap/3.2.0/css/bootstrap.min.css' [5:74964] Error in @media rule. (Invalid token "and". Was expecting one of: <S>, <LBRACE>, <COMMA>.)
Aug 20, 2015 11:37:11 AM com.gargoylesoftware.htmlunit.DefaultCssErrorHandler warning
WARNING: CSS warning: 'https://maxcdn.bootstrapcdn.com/bootstrap/3.2.0/css/bootstrap.min.css' [5:74964] Ignoring the whole rule.
Aug 20, 2015 11:37:11 AM com.gargoylesoftware.htmlunit.DefaultCssErrorHandler error
WARNING: CSS error: 'https://maxcdn.bootstrapcdn.com/bootstrap/3.2.0/css/bootstrap.min.css' [5:97355] Error in media list. (Invalid token "(". Was expecting one of: <S>, <IDENT>.)
Aug 20, 2015 11:37:11 AM com.gargoylesoftware.htmlunit.DefaultCssErrorHandler error
WARNING: CSS error: 'https://maxcdn.bootstrapcdn.com/bootstrap/3.2.0/css/bootstrap.min.css' [5:97543] Error in media list. (Invalid token "(". Was expecting one of: <S>, <IDENT>.)
Aug 20, 2015 11:37:11 AM com.gargoylesoftware.htmlunit.DefaultCssErrorHandler error
WARNING: CSS error: 'https://maxcdn.bootstrapcdn.com/bootstrap/3.2.0/css/bootstrap.min.css' [5:102209] Error in expression; ':' found after identifier "progid".
Aug 20, 2015 11:37:11 AM com.gargoylesoftware.htmlunit.DefaultCssErrorHandler error
WARNING: CSS error: 'https://maxcdn.bootstrapcdn.com/bootstrap/3.2.0/css/bootstrap.min.css' [5:102752] Error in expression; ':' found after identifier "progid".
Aug 20, 2015 11:37:11 AM com.gargoylesoftware.htmlunit.DefaultCssErrorHandler error
WARNING: CSS error: 'https://maxcdn.bootstrapcdn.com/bootstrap/3.2.0/css/bootstrap.min.css' [5:104304] Error in @media rule. (Invalid token "and". Was expecting one of: <S>, <LBRACE>, <COMMA>.)
Aug 20, 2015 11:37:11 AM com.gargoylesoftware.htmlunit.DefaultCssErrorHandler warning
WARNING: CSS warning: 'https://maxcdn.bootstrapcdn.com/bootstrap/3.2.0/css/bootstrap.min.css' [5:104304] Ignoring the whole rule.
Aug 20, 2015 11:37:11 AM com.gargoylesoftware.htmlunit.DefaultCssErrorHandler error
WARNING: CSS error: 'https://maxcdn.bootstrapcdn.com/bootstrap/3.2.0/css/bootstrap.min.css' [5:106626] Error in media list. (Invalid token "(". Was expecting one of: <S>, <IDENT>.)
Aug 20, 2015 11:37:11 AM com.gargoylesoftware.htmlunit.DefaultCssErrorHandler error
WARNING: CSS error: 'https://maxcdn.bootstrapcdn.com/bootstrap/3.2.0/css/bootstrap.min.css' [5:106818] Error in media list. (Invalid token "(". Was expecting one of: <S>, <IDENT>.)
Aug 20, 2015 11:37:11 AM com.gargoylesoftware.htmlunit.DefaultCssErrorHandler error
WARNING: CSS error: 'https://maxcdn.bootstrapcdn.com/bootstrap/3.2.0/css/bootstrap.min.css' [5:106886] Error in media list. (Invalid token "(". Was expecting one of: <S>, <IDENT>.)
Aug 20, 2015 11:37:11 AM com.gargoylesoftware.htmlunit.DefaultCssErrorHandler error
WARNING: CSS error: 'https://maxcdn.bootstrapcdn.com/bootstrap/3.2.0/css/bootstrap.min.css' [5:106956] Error in media list. (Invalid token "(". Was expecting one of: <S>, <IDENT>.)
Aug 20, 2015 11:37:11 AM com.gargoylesoftware.htmlunit.DefaultCssErrorHandler error
WARNING: CSS error: 'https://maxcdn.bootstrapcdn.com/bootstrap/3.2.0/css/bootstrap.min.css' [5:107038] Error in media list. (Invalid token "(". Was expecting one of: <S>, <IDENT>.)
Aug 20, 2015 11:37:11 AM com.gargoylesoftware.htmlunit.DefaultCssErrorHandler error
WARNING: CSS error: 'https://maxcdn.bootstrapcdn.com/bootstrap/3.2.0/css/bootstrap.min.css' [5:107252] Error in media list. (Invalid token "(". Was expecting one of: <S>, <IDENT>.)
Aug 20, 2015 11:37:11 AM com.gargoylesoftware.htmlunit.DefaultCssErrorHandler error
WARNING: CSS error: 'https://maxcdn.bootstrapcdn.com/bootstrap/3.2.0/css/bootstrap.min.css' [5:107342] Error in media list. (Invalid token "(". Was expecting one of: <S>, <IDENT>.)
Aug 20, 2015 11:37:11 AM com.gargoylesoftware.htmlunit.DefaultCssErrorHandler error
WARNING: CSS error: 'https://maxcdn.bootstrapcdn.com/bootstrap/3.2.0/css/bootstrap.min.css' [5:107434] Error in media list. (Invalid token "(". Was expecting one of: <S>, <IDENT>.)
Aug 20, 2015 11:37:11 AM com.gargoylesoftware.htmlunit.DefaultCssErrorHandler error
WARNING: CSS error: 'https://maxcdn.bootstrapcdn.com/bootstrap/3.2.0/css/bootstrap.min.css' [5:107538] Error in media list. (Invalid token "(". Was expecting one of: <S>, <IDENT>.)
Aug 20, 2015 11:37:11 AM com.gargoylesoftware.htmlunit.DefaultCssErrorHandler error
WARNING: CSS error: 'https://maxcdn.bootstrapcdn.com/bootstrap/3.2.0/css/bootstrap.min.css' [5:107753] Error in media list. (Invalid token "(". Was expecting one of: <S>, <IDENT>.)
Aug 20, 2015 11:37:11 AM com.gargoylesoftware.htmlunit.DefaultCssErrorHandler error
WARNING: CSS error: 'https://maxcdn.bootstrapcdn.com/bootstrap/3.2.0/css/bootstrap.min.css' [5:107844] Error in media list. (Invalid token "(". Was expecting one of: <S>, <IDENT>.)
Aug 20, 2015 11:37:11 AM com.gargoylesoftware.htmlunit.DefaultCssErrorHandler error
WARNING: CSS error: 'https://maxcdn.bootstrapcdn.com/bootstrap/3.2.0/css/bootstrap.min.css' [5:107937] Error in media list. (Invalid token "(". Was expecting one of: <S>, <IDENT>.)
Aug 20, 2015 11:37:11 AM com.gargoylesoftware.htmlunit.DefaultCssErrorHandler error
WARNING: CSS error: 'https://maxcdn.bootstrapcdn.com/bootstrap/3.2.0/css/bootstrap.min.css' [5:108042] Error in media list. (Invalid token "(". Was expecting one of: <S>, <IDENT>.)
Aug 20, 2015 11:37:11 AM com.gargoylesoftware.htmlunit.DefaultCssErrorHandler error
WARNING: CSS error: 'https://maxcdn.bootstrapcdn.com/bootstrap/3.2.0/css/bootstrap.min.css' [5:108235] Error in media list. (Invalid token "(". Was expecting one of: <S>, <IDENT>.)
Aug 20, 2015 11:37:11 AM com.gargoylesoftware.htmlunit.DefaultCssErrorHandler error
WARNING: CSS error: 'https://maxcdn.bootstrapcdn.com/bootstrap/3.2.0/css/bootstrap.min.css' [5:108304] Error in media list. (Invalid token "(". Was expecting one of: <S>, <IDENT>.)
Aug 20, 2015 11:37:11 AM com.gargoylesoftware.htmlunit.DefaultCssErrorHandler error
WARNING: CSS error: 'https://maxcdn.bootstrapcdn.com/bootstrap/3.2.0/css/bootstrap.min.css' [5:108375] Error in media list. (Invalid token "(". Was expecting one of: <S>, <IDENT>.)
Aug 20, 2015 11:37:11 AM com.gargoylesoftware.htmlunit.DefaultCssErrorHandler error
WARNING: CSS error: 'https://maxcdn.bootstrapcdn.com/bootstrap/3.2.0/css/bootstrap.min.css' [5:108458] Error in media list. (Invalid token "(". Was expecting one of: <S>, <IDENT>.)
Aug 20, 2015 11:37:11 AM com.gargoylesoftware.htmlunit.DefaultCssErrorHandler error
WARNING: CSS error: 'https://maxcdn.bootstrapcdn.com/bootstrap/3.2.0/css/bootstrap.min.css' [5:108518] Error in media list. (Invalid token "(". Was expecting one of: <S>, <IDENT>.)
Aug 20, 2015 11:37:11 AM com.gargoylesoftware.htmlunit.DefaultCssErrorHandler error
WARNING: CSS error: 'https://maxcdn.bootstrapcdn.com/bootstrap/3.2.0/css/bootstrap.min.css' [5:108600] Error in media list. (Invalid token "(". Was expecting one of: <S>, <IDENT>.)
Aug 20, 2015 11:37:11 AM com.gargoylesoftware.htmlunit.DefaultCssErrorHandler error
WARNING: CSS error: 'https://maxcdn.bootstrapcdn.com/bootstrap/3.2.0/css/bootstrap.min.css' [5:108683] Error in media list. (Invalid token "(". Was expecting one of: <S>, <IDENT>.)
Aug 20, 2015 11:37:11 AM com.gargoylesoftware.htmlunit.DefaultCssErrorHandler error
WARNING: CSS error: 'http://localhost:4567/styles.css' [1:1] Error in style sheet. (Invalid token "<". Was expecting one of: <EOF>, <S>, <IDENT>, "<!--", "-->", <HASH>, <IMPORT_SYM>, <PAGE_SYM>, <MEDIA_SYM>, <FONT_FACE_SYM>, <CHARSET_SYM>, ".", ":", "*", "[", <ATKEYWORD>.)
Aug 20, 2015 11:37:11 AM com.gargoylesoftware.htmlunit.DefaultCssErrorHandler error
WARNING: CSS error: 'https://maxcdn.bootstrapcdn.com/bootstrap/3.2.0/css/bootstrap.min.css' [5:14693] Error in media list. (Invalid token "(". Was expecting one of: <S>, <IDENT>.)
Aug 20, 2015 11:37:11 AM com.gargoylesoftware.htmlunit.DefaultCssErrorHandler error
WARNING: CSS error: 'https://maxcdn.bootstrapcdn.com/bootstrap/3.2.0/css/bootstrap.min.css' [5:16291] Error in media list. (Invalid token "(". Was expecting one of: <S>, <IDENT>.)
Aug 20, 2015 11:37:11 AM com.gargoylesoftware.htmlunit.DefaultCssErrorHandler error
WARNING: CSS error: 'https://maxcdn.bootstrapcdn.com/bootstrap/3.2.0/css/bootstrap.min.css' [5:18566] Error in media list. (Invalid token "(". Was expecting one of: <S>, <IDENT>.)
Aug 20, 2015 11:37:11 AM com.gargoylesoftware.htmlunit.DefaultCssErrorHandler error
WARNING: CSS error: 'https://maxcdn.bootstrapcdn.com/bootstrap/3.2.0/css/bootstrap.min.css' [5:18615] Error in media list. (Invalid token "(". Was expecting one of: <S>, <IDENT>.)
Aug 20, 2015 11:37:11 AM com.gargoylesoftware.htmlunit.DefaultCssErrorHandler error
WARNING: CSS error: 'https://maxcdn.bootstrapcdn.com/bootstrap/3.2.0/css/bootstrap.min.css' [5:18664] Error in media list. (Invalid token "(". Was expecting one of: <S>, <IDENT>.)
Aug 20, 2015 11:37:11 AM com.gargoylesoftware.htmlunit.DefaultCssErrorHandler error
WARNING: CSS error: 'https://maxcdn.bootstrapcdn.com/bootstrap/3.2.0/css/bootstrap.min.css' [5:21148] Error in media list. (Invalid token "(". Was expecting one of: <S>, <IDENT>.)
Aug 20, 2015 11:37:11 AM com.gargoylesoftware.htmlunit.DefaultCssErrorHandler error
WARNING: CSS error: 'https://maxcdn.bootstrapcdn.com/bootstrap/3.2.0/css/bootstrap.min.css' [5:22914] Error in media list. (Invalid token "(". Was expecting one of: <S>, <IDENT>.)
Aug 20, 2015 11:37:11 AM com.gargoylesoftware.htmlunit.DefaultCssErrorHandler error
WARNING: CSS error: 'https://maxcdn.bootstrapcdn.com/bootstrap/3.2.0/css/bootstrap.min.css' [5:24680] Error in media list. (Invalid token "(". Was expecting one of: <S>, <IDENT>.)
Aug 20, 2015 11:37:11 AM com.gargoylesoftware.htmlunit.DefaultCssErrorHandler error
WARNING: CSS error: 'https://maxcdn.bootstrapcdn.com/bootstrap/3.2.0/css/bootstrap.min.css' [5:30763] Error in @media rule. (Invalid token "and". Was expecting one of: <S>, <LBRACE>, <COMMA>.)
Aug 20, 2015 11:37:11 AM com.gargoylesoftware.htmlunit.DefaultCssErrorHandler warning
WARNING: CSS warning: 'https://maxcdn.bootstrapcdn.com/bootstrap/3.2.0/css/bootstrap.min.css' [5:30763] Ignoring the whole rule.
Aug 20, 2015 11:37:11 AM com.gargoylesoftware.htmlunit.DefaultCssErrorHandler error
WARNING: CSS error: 'https://maxcdn.bootstrapcdn.com/bootstrap/3.2.0/css/bootstrap.min.css' [5:38743] Error in media list. (Invalid token "(". Was expecting one of: <S>, <IDENT>.)
Aug 20, 2015 11:37:11 AM com.gargoylesoftware.htmlunit.DefaultCssErrorHandler error
WARNING: CSS error: 'https://maxcdn.bootstrapcdn.com/bootstrap/3.2.0/css/bootstrap.min.css' [5:39908] Error in media list. (Invalid token "(". Was expecting one of: <S>, <IDENT>.)
Aug 20, 2015 11:37:11 AM com.gargoylesoftware.htmlunit.DefaultCssErrorHandler error
WARNING: CSS error: 'https://maxcdn.bootstrapcdn.com/bootstrap/3.2.0/css/bootstrap.min.css' [5:40086] Error in media list. (Invalid token "(". Was expecting one of: <S>, <IDENT>.)
Aug 20, 2015 11:37:11 AM com.gargoylesoftware.htmlunit.DefaultCssErrorHandler error
WARNING: CSS error: 'https://maxcdn.bootstrapcdn.com/bootstrap/3.2.0/css/bootstrap.min.css' [5:40178] Error in media list. (Invalid token "(". Was expecting one of: <S>, <IDENT>.)
Aug 20, 2015 11:37:11 AM com.gargoylesoftware.htmlunit.DefaultCssErrorHandler error
WARNING: CSS error: 'https://maxcdn.bootstrapcdn.com/bootstrap/3.2.0/css/bootstrap.min.css' [5:49282] Error in expression; ':' found after identifier "progid".
Aug 20, 2015 11:37:11 AM com.gargoylesoftware.htmlunit.DefaultCssErrorHandler error
WARNING: CSS error: 'https://maxcdn.bootstrapcdn.com/bootstrap/3.2.0/css/bootstrap.min.css' [5:49917] Error in media list. (Invalid token "(". Was expecting one of: <S>, <IDENT>.)
Aug 20, 2015 11:37:11 AM com.gargoylesoftware.htmlunit.DefaultCssErrorHandler error
WARNING: CSS error: 'https://maxcdn.bootstrapcdn.com/bootstrap/3.2.0/css/bootstrap.min.css' [5:58448] Error in media list. (Invalid token "(". Was expecting one of: <S>, <IDENT>.)
Aug 20, 2015 11:37:11 AM com.gargoylesoftware.htmlunit.DefaultCssErrorHandler error
WARNING: CSS error: 'https://maxcdn.bootstrapcdn.com/bootstrap/3.2.0/css/bootstrap.min.css' [5:58772] Error in media list. (Invalid token "(". Was expecting one of: <S>, <IDENT>.)
Aug 20, 2015 11:37:11 AM com.gargoylesoftware.htmlunit.DefaultCssErrorHandler error
WARNING: CSS error: 'https://maxcdn.bootstrapcdn.com/bootstrap/3.2.0/css/bootstrap.min.css' [5:59475] Error in media list. (Invalid token "(". Was expecting one of: <S>, <IDENT>.)
Aug 20, 2015 11:37:11 AM com.gargoylesoftware.htmlunit.DefaultCssErrorHandler error
WARNING: CSS error: 'https://maxcdn.bootstrapcdn.com/bootstrap/3.2.0/css/bootstrap.min.css' [5:59801] Error in media list. (Invalid token "(". Was expecting one of: <S>, <IDENT>.)
Aug 20, 2015 11:37:11 AM com.gargoylesoftware.htmlunit.DefaultCssErrorHandler error
WARNING: CSS error: 'https://maxcdn.bootstrapcdn.com/bootstrap/3.2.0/css/bootstrap.min.css' [5:60287] Error in media list. (Invalid token "(". Was expecting one of: <S>, <IDENT>.)
Aug 20, 2015 11:37:11 AM com.gargoylesoftware.htmlunit.DefaultCssErrorHandler error
WARNING: CSS error: 'https://maxcdn.bootstrapcdn.com/bootstrap/3.2.0/css/bootstrap.min.css' [5:60339] Error in media list. (Invalid token "(". Was expecting one of: <S>, <IDENT>.)
Aug 20, 2015 11:37:11 AM com.gargoylesoftware.htmlunit.DefaultCssErrorHandler error
WARNING: CSS error: 'https://maxcdn.bootstrapcdn.com/bootstrap/3.2.0/css/bootstrap.min.css' [5:60666] Error in media list. (Invalid token "(". Was expecting one of: <S>, <IDENT>.)
Aug 20, 2015 11:37:11 AM com.gargoylesoftware.htmlunit.DefaultCssErrorHandler error
WARNING: CSS error: 'https://maxcdn.bootstrapcdn.com/bootstrap/3.2.0/css/bootstrap.min.css' [5:61158] Error in media list. (Invalid token "(". Was expecting one of: <S>, <IDENT>.)
Aug 20, 2015 11:37:11 AM com.gargoylesoftware.htmlunit.DefaultCssErrorHandler error
WARNING: CSS error: 'https://maxcdn.bootstrapcdn.com/bootstrap/3.2.0/css/bootstrap.min.css' [5:61459] Error in media list. (Invalid token "(". Was expecting one of: <S>, <IDENT>.)
Aug 20, 2015 11:37:11 AM com.gargoylesoftware.htmlunit.DefaultCssErrorHandler error
WARNING: CSS error: 'https://maxcdn.bootstrapcdn.com/bootstrap/3.2.0/css/bootstrap.min.css' [5:61687] Error in media list. (Invalid token "(". Was expecting one of: <S>, <IDENT>.)
Aug 20, 2015 11:37:11 AM com.gargoylesoftware.htmlunit.DefaultCssErrorHandler error
WARNING: CSS error: 'https://maxcdn.bootstrapcdn.com/bootstrap/3.2.0/css/bootstrap.min.css' [5:61928] Error in media list. (Invalid token "(". Was expecting one of: <S>, <IDENT>.)
Aug 20, 2015 11:37:11 AM com.gargoylesoftware.htmlunit.DefaultCssErrorHandler error
WARNING: CSS error: 'https://maxcdn.bootstrapcdn.com/bootstrap/3.2.0/css/bootstrap.min.css' [5:62269] Error in media list. (Invalid token "(". Was expecting one of: <S>, <IDENT>.)
Aug 20, 2015 11:37:11 AM com.gargoylesoftware.htmlunit.DefaultCssErrorHandler error
WARNING: CSS error: 'https://maxcdn.bootstrapcdn.com/bootstrap/3.2.0/css/bootstrap.min.css' [5:62756] Error in media list. (Invalid token "(". Was expecting one of: <S>, <IDENT>.)
Aug 20, 2015 11:37:11 AM com.gargoylesoftware.htmlunit.DefaultCssErrorHandler error
WARNING: CSS error: 'https://maxcdn.bootstrapcdn.com/bootstrap/3.2.0/css/bootstrap.min.css' [5:62912] Error in media list. (Invalid token "(". Was expecting one of: <S>, <IDENT>.)
Aug 20, 2015 11:37:11 AM com.gargoylesoftware.htmlunit.DefaultCssErrorHandler error
WARNING: CSS error: 'https://maxcdn.bootstrapcdn.com/bootstrap/3.2.0/css/bootstrap.min.css' [5:63379] Error in media list. (Invalid token "(". Was expecting one of: <S>, <IDENT>.)
Aug 20, 2015 11:37:11 AM com.gargoylesoftware.htmlunit.DefaultCssErrorHandler error
WARNING: CSS error: 'https://maxcdn.bootstrapcdn.com/bootstrap/3.2.0/css/bootstrap.min.css' [5:63572] Error in media list. (Invalid token "(". Was expecting one of: <S>, <IDENT>.)
Aug 20, 2015 11:37:11 AM com.gargoylesoftware.htmlunit.DefaultCssErrorHandler error
WARNING: CSS error: 'https://maxcdn.bootstrapcdn.com/bootstrap/3.2.0/css/bootstrap.min.css' [5:63996] Error in media list. (Invalid token "(". Was expecting one of: <S>, <IDENT>.)
Aug 20, 2015 11:37:11 AM com.gargoylesoftware.htmlunit.DefaultCssErrorHandler error
WARNING: CSS error: 'https://maxcdn.bootstrapcdn.com/bootstrap/3.2.0/css/bootstrap.min.css' [5:64867] Error in media list. (Invalid token "(". Was expecting one of: <S>, <IDENT>.)
Aug 20, 2015 11:37:11 AM com.gargoylesoftware.htmlunit.DefaultCssErrorHandler error
WARNING: CSS error: 'https://maxcdn.bootstrapcdn.com/bootstrap/3.2.0/css/bootstrap.min.css' [5:64936] Error in media list. (Invalid token "(". Was expecting one of: <S>, <IDENT>.)
Aug 20, 2015 11:37:11 AM com.gargoylesoftware.htmlunit.DefaultCssErrorHandler error
WARNING: CSS error: 'https://maxcdn.bootstrapcdn.com/bootstrap/3.2.0/css/bootstrap.min.css' [5:65554] Error in media list. (Invalid token "(". Was expecting one of: <S>, <IDENT>.)
Aug 20, 2015 11:37:11 AM com.gargoylesoftware.htmlunit.DefaultCssErrorHandler error
WARNING: CSS error: 'https://maxcdn.bootstrapcdn.com/bootstrap/3.2.0/css/bootstrap.min.css' [5:66892] Error in media list. (Invalid token "(". Was expecting one of: <S>, <IDENT>.)
Aug 20, 2015 11:37:11 AM com.gargoylesoftware.htmlunit.DefaultCssErrorHandler error
WARNING: CSS error: 'https://maxcdn.bootstrapcdn.com/bootstrap/3.2.0/css/bootstrap.min.css' [5:69193] Error in media list. (Invalid token "(". Was expecting one of: <S>, <IDENT>.)
Aug 20, 2015 11:37:11 AM com.gargoylesoftware.htmlunit.DefaultCssErrorHandler error
WARNING: CSS error: 'https://maxcdn.bootstrapcdn.com/bootstrap/3.2.0/css/bootstrap.min.css' [5:74964] Error in @media rule. (Invalid token "and". Was expecting one of: <S>, <LBRACE>, <COMMA>.)
Aug 20, 2015 11:37:11 AM com.gargoylesoftware.htmlunit.DefaultCssErrorHandler warning
WARNING: CSS warning: 'https://maxcdn.bootstrapcdn.com/bootstrap/3.2.0/css/bootstrap.min.css' [5:74964] Ignoring the whole rule.
Aug 20, 2015 11:37:11 AM com.gargoylesoftware.htmlunit.DefaultCssErrorHandler error
WARNING: CSS error: 'https://maxcdn.bootstrapcdn.com/bootstrap/3.2.0/css/bootstrap.min.css' [5:97355] Error in media list. (Invalid token "(". Was expecting one of: <S>, <IDENT>.)
Aug 20, 2015 11:37:11 AM com.gargoylesoftware.htmlunit.DefaultCssErrorHandler error
WARNING: CSS error: 'https://maxcdn.bootstrapcdn.com/bootstrap/3.2.0/css/bootstrap.min.css' [5:97543] Error in media list. (Invalid token "(". Was expecting one of: <S>, <IDENT>.)
Aug 20, 2015 11:37:11 AM com.gargoylesoftware.htmlunit.DefaultCssErrorHandler error
WARNING: CSS error: 'https://maxcdn.bootstrapcdn.com/bootstrap/3.2.0/css/bootstrap.min.css' [5:102209] Error in expression; ':' found after identifier "progid".
Aug 20, 2015 11:37:11 AM com.gargoylesoftware.htmlunit.DefaultCssErrorHandler error
WARNING: CSS error: 'https://maxcdn.bootstrapcdn.com/bootstrap/3.2.0/css/bootstrap.min.css' [5:102752] Error in expression; ':' found after identifier "progid".
Aug 20, 2015 11:37:11 AM com.gargoylesoftware.htmlunit.DefaultCssErrorHandler error
WARNING: CSS error: 'https://maxcdn.bootstrapcdn.com/bootstrap/3.2.0/css/bootstrap.min.css' [5:104304] Error in @media rule. (Invalid token "and". Was expecting one of: <S>, <LBRACE>, <COMMA>.)
Aug 20, 2015 11:37:11 AM com.gargoylesoftware.htmlunit.DefaultCssErrorHandler warning
WARNING: CSS warning: 'https://maxcdn.bootstrapcdn.com/bootstrap/3.2.0/css/bootstrap.min.css' [5:104304] Ignoring the whole rule.
Aug 20, 2015 11:37:11 AM com.gargoylesoftware.htmlunit.DefaultCssErrorHandler error
WARNING: CSS error: 'https://maxcdn.bootstrapcdn.com/bootstrap/3.2.0/css/bootstrap.min.css' [5:106626] Error in media list. (Invalid token "(". Was expecting one of: <S>, <IDENT>.)
Aug 20, 2015 11:37:11 AM com.gargoylesoftware.htmlunit.DefaultCssErrorHandler error
WARNING: CSS error: 'https://maxcdn.bootstrapcdn.com/bootstrap/3.2.0/css/bootstrap.min.css' [5:106818] Error in media list. (Invalid token "(". Was expecting one of: <S>, <IDENT>.)
Aug 20, 2015 11:37:11 AM com.gargoylesoftware.htmlunit.DefaultCssErrorHandler error
WARNING: CSS error: 'https://maxcdn.bootstrapcdn.com/bootstrap/3.2.0/css/bootstrap.min.css' [5:106886] Error in media list. (Invalid token "(". Was expecting one of: <S>, <IDENT>.)
Aug 20, 2015 11:37:11 AM com.gargoylesoftware.htmlunit.DefaultCssErrorHandler error
WARNING: CSS error: 'https://maxcdn.bootstrapcdn.com/bootstrap/3.2.0/css/bootstrap.min.css' [5:106956] Error in media list. (Invalid token "(". Was expecting one of: <S>, <IDENT>.)
Aug 20, 2015 11:37:11 AM com.gargoylesoftware.htmlunit.DefaultCssErrorHandler error
WARNING: CSS error: 'https://maxcdn.bootstrapcdn.com/bootstrap/3.2.0/css/bootstrap.min.css' [5:107038] Error in media list. (Invalid token "(". Was expecting one of: <S>, <IDENT>.)
Aug 20, 2015 11:37:11 AM com.gargoylesoftware.htmlunit.DefaultCssErrorHandler error
WARNING: CSS error: 'https://maxcdn.bootstrapcdn.com/bootstrap/3.2.0/css/bootstrap.min.css' [5:107252] Error in media list. (Invalid token "(". Was expecting one of: <S>, <IDENT>.)
Aug 20, 2015 11:37:11 AM com.gargoylesoftware.htmlunit.DefaultCssErrorHandler error
WARNING: CSS error: 'https://maxcdn.bootstrapcdn.com/bootstrap/3.2.0/css/bootstrap.min.css' [5:107342] Error in media list. (Invalid token "(". Was expecting one of: <S>, <IDENT>.)
Aug 20, 2015 11:37:11 AM com.gargoylesoftware.htmlunit.DefaultCssErrorHandler error
WARNING: CSS error: 'https://maxcdn.bootstrapcdn.com/bootstrap/3.2.0/css/bootstrap.min.css' [5:107434] Error in media list. (Invalid token "(". Was expecting one of: <S>, <IDENT>.)
Aug 20, 2015 11:37:11 AM com.gargoylesoftware.htmlunit.DefaultCssErrorHandler error
WARNING: CSS error: 'https://maxcdn.bootstrapcdn.com/bootstrap/3.2.0/css/bootstrap.min.css' [5:107538] Error in media list. (Invalid token "(". Was expecting one of: <S>, <IDENT>.)
Aug 20, 2015 11:37:11 AM com.gargoylesoftware.htmlunit.DefaultCssErrorHandler error
WARNING: CSS error: 'https://maxcdn.bootstrapcdn.com/bootstrap/3.2.0/css/bootstrap.min.css' [5:107753] Error in media list. (Invalid token "(". Was expecting one of: <S>, <IDENT>.)
Aug 20, 2015 11:37:11 AM com.gargoylesoftware.htmlunit.DefaultCssErrorHandler error
WARNING: CSS error: 'https://maxcdn.bootstrapcdn.com/bootstrap/3.2.0/css/bootstrap.min.css' [5:107844] Error in media list. (Invalid token "(". Was expecting one of: <S>, <IDENT>.)
Aug 20, 2015 11:37:11 AM com.gargoylesoftware.htmlunit.DefaultCssErrorHandler error
WARNING: CSS error: 'https://maxcdn.bootstrapcdn.com/bootstrap/3.2.0/css/bootstrap.min.css' [5:107937] Error in media list. (Invalid token "(". Was expecting one of: <S>, <IDENT>.)
Aug 20, 2015 11:37:11 AM com.gargoylesoftware.htmlunit.DefaultCssErrorHandler error
WARNING: CSS error: 'https://maxcdn.bootstrapcdn.com/bootstrap/3.2.0/css/bootstrap.min.css' [5:108042] Error in media list. (Invalid token "(". Was expecting one of: <S>, <IDENT>.)
Aug 20, 2015 11:37:11 AM com.gargoylesoftware.htmlunit.DefaultCssErrorHandler error
WARNING: CSS error: 'https://maxcdn.bootstrapcdn.com/bootstrap/3.2.0/css/bootstrap.min.css' [5:108235] Error in media list. (Invalid token "(". Was expecting one of: <S>, <IDENT>.)
Aug 20, 2015 11:37:11 AM com.gargoylesoftware.htmlunit.DefaultCssErrorHandler error
WARNING: CSS error: 'https://maxcdn.bootstrapcdn.com/bootstrap/3.2.0/css/bootstrap.min.css' [5:108304] Error in media list. (Invalid token "(". Was expecting one of: <S>, <IDENT>.)
Aug 20, 2015 11:37:11 AM com.gargoylesoftware.htmlunit.DefaultCssErrorHandler error
WARNING: CSS error: 'https://maxcdn.bootstrapcdn.com/bootstrap/3.2.0/css/bootstrap.min.css' [5:108375] Error in media list. (Invalid token "(". Was expecting one of: <S>, <IDENT>.)
Aug 20, 2015 11:37:11 AM com.gargoylesoftware.htmlunit.DefaultCssErrorHandler error
WARNING: CSS error: 'https://maxcdn.bootstrapcdn.com/bootstrap/3.2.0/css/bootstrap.min.css' [5:108458] Error in media list. (Invalid token "(". Was expecting one of: <S>, <IDENT>.)
Aug 20, 2015 11:37:11 AM com.gargoylesoftware.htmlunit.DefaultCssErrorHandler error
WARNING: CSS error: 'https://maxcdn.bootstrapcdn.com/bootstrap/3.2.0/css/bootstrap.min.css' [5:108518] Error in media list. (Invalid token "(". Was expecting one of: <S>, <IDENT>.)
Aug 20, 2015 11:37:11 AM com.gargoylesoftware.htmlunit.DefaultCssErrorHandler error
WARNING: CSS error: 'https://maxcdn.bootstrapcdn.com/bootstrap/3.2.0/css/bootstrap.min.css' [5:108600] Error in media list. (Invalid token "(". Was expecting one of: <S>, <IDENT>.)
Aug 20, 2015 11:37:11 AM com.gargoylesoftware.htmlunit.DefaultCssErrorHandler error
WARNING: CSS error: 'https://maxcdn.bootstrapcdn.com/bootstrap/3.2.0/css/bootstrap.min.css' [5:108683] Error in media list. (Invalid token "(". Was expecting one of: <S>, <IDENT>.)
Aug 20, 2015 11:37:11 AM com.gargoylesoftware.htmlunit.DefaultCssErrorHandler error
WARNING: CSS error: 'http://localhost:4567/styles.css' [1:1] Error in style sheet. (Invalid token "<". Was expecting one of: <EOF>, <S>, <IDENT>, "<!--", "-->", <HASH>, <IMPORT_SYM>, <PAGE_SYM>, <MEDIA_SYM>, <FONT_FACE_SYM>, <CHARSET_SYM>, ".", ":", "*", "[", <ATKEYWORD>.)
Aug 20, 2015 11:37:11 AM com.gargoylesoftware.htmlunit.DefaultCssErrorHandler error
WARNING: CSS error: 'https://maxcdn.bootstrapcdn.com/bootstrap/3.2.0/css/bootstrap.min.css' [5:14693] Error in media list. (Invalid token "(". Was expecting one of: <S>, <IDENT>.)
Aug 20, 2015 11:37:11 AM com.gargoylesoftware.htmlunit.DefaultCssErrorHandler error
WARNING: CSS error: 'https://maxcdn.bootstrapcdn.com/bootstrap/3.2.0/css/bootstrap.min.css' [5:16291] Error in media list. (Invalid token "(". Was expecting one of: <S>, <IDENT>.)
Aug 20, 2015 11:37:11 AM com.gargoylesoftware.htmlunit.DefaultCssErrorHandler error
WARNING: CSS error: 'https://maxcdn.bootstrapcdn.com/bootstrap/3.2.0/css/bootstrap.min.css' [5:18566] Error in media list. (Invalid token "(". Was expecting one of: <S>, <IDENT>.)
Aug 20, 2015 11:37:11 AM com.gargoylesoftware.htmlunit.DefaultCssErrorHandler error
WARNING: CSS error: 'https://maxcdn.bootstrapcdn.com/bootstrap/3.2.0/css/bootstrap.min.css' [5:18615] Error in media list. (Invalid token "(". Was expecting one of: <S>, <IDENT>.)
Aug 20, 2015 11:37:11 AM com.gargoylesoftware.htmlunit.DefaultCssErrorHandler error
WARNING: CSS error: 'https://maxcdn.bootstrapcdn.com/bootstrap/3.2.0/css/bootstrap.min.css' [5:18664] Error in media list. (Invalid token "(". Was expecting one of: <S>, <IDENT>.)
Aug 20, 2015 11:37:11 AM com.gargoylesoftware.htmlunit.DefaultCssErrorHandler error
WARNING: CSS error: 'https://maxcdn.bootstrapcdn.com/bootstrap/3.2.0/css/bootstrap.min.css' [5:21148] Error in media list. (Invalid token "(". Was expecting one of: <S>, <IDENT>.)
Aug 20, 2015 11:37:11 AM com.gargoylesoftware.htmlunit.DefaultCssErrorHandler error
WARNING: CSS error: 'https://maxcdn.bootstrapcdn.com/bootstrap/3.2.0/css/bootstrap.min.css' [5:22914] Error in media list. (Invalid token "(". Was expecting one of: <S>, <IDENT>.)
Aug 20, 2015 11:37:11 AM com.gargoylesoftware.htmlunit.DefaultCssErrorHandler error
WARNING: CSS error: 'https://maxcdn.bootstrapcdn.com/bootstrap/3.2.0/css/bootstrap.min.css' [5:24680] Error in media list. (Invalid token "(". Was expecting one of: <S>, <IDENT>.)
Aug 20, 2015 11:37:11 AM com.gargoylesoftware.htmlunit.DefaultCssErrorHandler error
WARNING: CSS error: 'https://maxcdn.bootstrapcdn.com/bootstrap/3.2.0/css/bootstrap.min.css' [5:30763] Error in @media rule. (Invalid token "and". Was expecting one of: <S>, <LBRACE>, <COMMA>.)
Aug 20, 2015 11:37:11 AM com.gargoylesoftware.htmlunit.DefaultCssErrorHandler warning
WARNING: CSS warning: 'https://maxcdn.bootstrapcdn.com/bootstrap/3.2.0/css/bootstrap.min.css' [5:30763] Ignoring the whole rule.
Aug 20, 2015 11:37:11 AM com.gargoylesoftware.htmlunit.DefaultCssErrorHandler error
WARNING: CSS error: 'https://maxcdn.bootstrapcdn.com/bootstrap/3.2.0/css/bootstrap.min.css' [5:38743] Error in media list. (Invalid token "(". Was expecting one of: <S>, <IDENT>.)
Aug 20, 2015 11:37:11 AM com.gargoylesoftware.htmlunit.DefaultCssErrorHandler error
WARNING: CSS error: 'https://maxcdn.bootstrapcdn.com/bootstrap/3.2.0/css/bootstrap.min.css' [5:39908] Error in media list. (Invalid token "(". Was expecting one of: <S>, <IDENT>.)
Aug 20, 2015 11:37:11 AM com.gargoylesoftware.htmlunit.DefaultCssErrorHandler error
WARNING: CSS error: 'https://maxcdn.bootstrapcdn.com/bootstrap/3.2.0/css/bootstrap.min.css' [5:40086] Error in media list. (Invalid token "(". Was expecting one of: <S>, <IDENT>.)
Aug 20, 2015 11:37:11 AM com.gargoylesoftware.htmlunit.DefaultCssErrorHandler error
WARNING: CSS error: 'https://maxcdn.bootstrapcdn.com/bootstrap/3.2.0/css/bootstrap.min.css' [5:40178] Error in media list. (Invalid token "(". Was expecting one of: <S>, <IDENT>.)
Aug 20, 2015 11:37:11 AM com.gargoylesoftware.htmlunit.DefaultCssErrorHandler error
WARNING: CSS error: 'https://maxcdn.bootstrapcdn.com/bootstrap/3.2.0/css/bootstrap.min.css' [5:49282] Error in expression; ':' found after identifier "progid".
Aug 20, 2015 11:37:11 AM com.gargoylesoftware.htmlunit.DefaultCssErrorHandler error
WARNING: CSS error: 'https://maxcdn.bootstrapcdn.com/bootstrap/3.2.0/css/bootstrap.min.css' [5:49917] Error in media list. (Invalid token "(". Was expecting one of: <S>, <IDENT>.)
Aug 20, 2015 11:37:11 AM com.gargoylesoftware.htmlunit.DefaultCssErrorHandler error
WARNING: CSS error: 'https://maxcdn.bootstrapcdn.com/bootstrap/3.2.0/css/bootstrap.min.css' [5:58448] Error in media list. (Invalid token "(". Was expecting one of: <S>, <IDENT>.)
Aug 20, 2015 11:37:11 AM com.gargoylesoftware.htmlunit.DefaultCssErrorHandler error
WARNING: CSS error: 'https://maxcdn.bootstrapcdn.com/bootstrap/3.2.0/css/bootstrap.min.css' [5:58772] Error in media list. (Invalid token "(". Was expecting one of: <S>, <IDENT>.)
Aug 20, 2015 11:37:11 AM com.gargoylesoftware.htmlunit.DefaultCssErrorHandler error
WARNING: CSS error: 'https://maxcdn.bootstrapcdn.com/bootstrap/3.2.0/css/bootstrap.min.css' [5:59475] Error in media list. (Invalid token "(". Was expecting one of: <S>, <IDENT>.)
Aug 20, 2015 11:37:11 AM com.gargoylesoftware.htmlunit.DefaultCssErrorHandler error
WARNING: CSS error: 'https://maxcdn.bootstrapcdn.com/bootstrap/3.2.0/css/bootstrap.min.css' [5:59801] Error in media list. (Invalid token "(". Was expecting one of: <S>, <IDENT>.)
Aug 20, 2015 11:37:11 AM com.gargoylesoftware.htmlunit.DefaultCssErrorHandler error
WARNING: CSS error: 'https://maxcdn.bootstrapcdn.com/bootstrap/3.2.0/css/bootstrap.min.css' [5:60287] Error in media list. (Invalid token "(". Was expecting one of: <S>, <IDENT>.)
Aug 20, 2015 11:37:11 AM com.gargoylesoftware.htmlunit.DefaultCssErrorHandler error
WARNING: CSS error: 'https://maxcdn.bootstrapcdn.com/bootstrap/3.2.0/css/bootstrap.min.css' [5:60339] Error in media list. (Invalid token "(". Was expecting one of: <S>, <IDENT>.)
Aug 20, 2015 11:37:11 AM com.gargoylesoftware.htmlunit.DefaultCssErrorHandler error
WARNING: CSS error: 'https://maxcdn.bootstrapcdn.com/bootstrap/3.2.0/css/bootstrap.min.css' [5:60666] Error in media list. (Invalid token "(". Was expecting one of: <S>, <IDENT>.)
Aug 20, 2015 11:37:11 AM com.gargoylesoftware.htmlunit.DefaultCssErrorHandler error
WARNING: CSS error: 'https://maxcdn.bootstrapcdn.com/bootstrap/3.2.0/css/bootstrap.min.css' [5:61158] Error in media list. (Invalid token "(". Was expecting one of: <S>, <IDENT>.)
Aug 20, 2015 11:37:11 AM com.gargoylesoftware.htmlunit.DefaultCssErrorHandler error
WARNING: CSS error: 'https://maxcdn.bootstrapcdn.com/bootstrap/3.2.0/css/bootstrap.min.css' [5:61459] Error in media list. (Invalid token "(". Was expecting one of: <S>, <IDENT>.)
Aug 20, 2015 11:37:11 AM com.gargoylesoftware.htmlunit.DefaultCssErrorHandler error
WARNING: CSS error: 'https://maxcdn.bootstrapcdn.com/bootstrap/3.2.0/css/bootstrap.min.css' [5:61687] Error in media list. (Invalid token "(". Was expecting one of: <S>, <IDENT>.)
Aug 20, 2015 11:37:11 AM com.gargoylesoftware.htmlunit.DefaultCssErrorHandler error
WARNING: CSS error: 'https://maxcdn.bootstrapcdn.com/bootstrap/3.2.0/css/bootstrap.min.css' [5:61928] Error in media list. (Invalid token "(". Was expecting one of: <S>, <IDENT>.)
Aug 20, 2015 11:37:11 AM com.gargoylesoftware.htmlunit.DefaultCssErrorHandler error
WARNING: CSS error: 'https://maxcdn.bootstrapcdn.com/bootstrap/3.2.0/css/bootstrap.min.css' [5:62269] Error in media list. (Invalid token "(". Was expecting one of: <S>, <IDENT>.)
Aug 20, 2015 11:37:11 AM com.gargoylesoftware.htmlunit.DefaultCssErrorHandler error
WARNING: CSS error: 'https://maxcdn.bootstrapcdn.com/bootstrap/3.2.0/css/bootstrap.min.css' [5:62756] Error in media list. (Invalid token "(". Was expecting one of: <S>, <IDENT>.)
Aug 20, 2015 11:37:11 AM com.gargoylesoftware.htmlunit.DefaultCssErrorHandler error
WARNING: CSS error: 'https://maxcdn.bootstrapcdn.com/bootstrap/3.2.0/css/bootstrap.min.css' [5:62912] Error in media list. (Invalid token "(". Was expecting one of: <S>, <IDENT>.)
Aug 20, 2015 11:37:11 AM com.gargoylesoftware.htmlunit.DefaultCssErrorHandler error
WARNING: CSS error: 'https://maxcdn.bootstrapcdn.com/bootstrap/3.2.0/css/bootstrap.min.css' [5:63379] Error in media list. (Invalid token "(". Was expecting one of: <S>, <IDENT>.)
Aug 20, 2015 11:37:11 AM com.gargoylesoftware.htmlunit.DefaultCssErrorHandler error
WARNING: CSS error: 'https://maxcdn.bootstrapcdn.com/bootstrap/3.2.0/css/bootstrap.min.css' [5:63572] Error in media list. (Invalid token "(". Was expecting one of: <S>, <IDENT>.)
Aug 20, 2015 11:37:11 AM com.gargoylesoftware.htmlunit.DefaultCssErrorHandler error
WARNING: CSS error: 'https://maxcdn.bootstrapcdn.com/bootstrap/3.2.0/css/bootstrap.min.css' [5:63996] Error in media list. (Invalid token "(". Was expecting one of: <S>, <IDENT>.)
Aug 20, 2015 11:37:11 AM com.gargoylesoftware.htmlunit.DefaultCssErrorHandler error
WARNING: CSS error: 'https://maxcdn.bootstrapcdn.com/bootstrap/3.2.0/css/bootstrap.min.css' [5:64867] Error in media list. (Invalid token "(". Was expecting one of: <S>, <IDENT>.)
Aug 20, 2015 11:37:11 AM com.gargoylesoftware.htmlunit.DefaultCssErrorHandler error
WARNING: CSS error: 'https://maxcdn.bootstrapcdn.com/bootstrap/3.2.0/css/bootstrap.min.css' [5:64936] Error in media list. (Invalid token "(". Was expecting one of: <S>, <IDENT>.)
Aug 20, 2015 11:37:11 AM com.gargoylesoftware.htmlunit.DefaultCssErrorHandler error
WARNING: CSS error: 'https://maxcdn.bootstrapcdn.com/bootstrap/3.2.0/css/bootstrap.min.css' [5:65554] Error in media list. (Invalid token "(". Was expecting one of: <S>, <IDENT>.)
Aug 20, 2015 11:37:11 AM com.gargoylesoftware.htmlunit.DefaultCssErrorHandler error
WARNING: CSS error: 'https://maxcdn.bootstrapcdn.com/bootstrap/3.2.0/css/bootstrap.min.css' [5:66892] Error in media list. (Invalid token "(". Was expecting one of: <S>, <IDENT>.)
Aug 20, 2015 11:37:11 AM com.gargoylesoftware.htmlunit.DefaultCssErrorHandler error
WARNING: CSS error: 'https://maxcdn.bootstrapcdn.com/bootstrap/3.2.0/css/bootstrap.min.css' [5:69193] Error in media list. (Invalid token "(". Was expecting one of: <S>, <IDENT>.)
Aug 20, 2015 11:37:11 AM com.gargoylesoftware.htmlunit.DefaultCssErrorHandler error
WARNING: CSS error: 'https://maxcdn.bootstrapcdn.com/bootstrap/3.2.0/css/bootstrap.min.css' [5:74964] Error in @media rule. (Invalid token "and". Was expecting one of: <S>, <LBRACE>, <COMMA>.)
Aug 20, 2015 11:37:11 AM com.gargoylesoftware.htmlunit.DefaultCssErrorHandler warning
WARNING: CSS warning: 'https://maxcdn.bootstrapcdn.com/bootstrap/3.2.0/css/bootstrap.min.css' [5:74964] Ignoring the whole rule.
Aug 20, 2015 11:37:11 AM com.gargoylesoftware.htmlunit.DefaultCssErrorHandler error
WARNING: CSS error: 'https://maxcdn.bootstrapcdn.com/bootstrap/3.2.0/css/bootstrap.min.css' [5:97355] Error in media list. (Invalid token "(". Was expecting one of: <S>, <IDENT>.)
Aug 20, 2015 11:37:11 AM com.gargoylesoftware.htmlunit.DefaultCssErrorHandler error
WARNING: CSS error: 'https://maxcdn.bootstrapcdn.com/bootstrap/3.2.0/css/bootstrap.min.css' [5:97543] Error in media list. (Invalid token "(". Was expecting one of: <S>, <IDENT>.)
Aug 20, 2015 11:37:11 AM com.gargoylesoftware.htmlunit.DefaultCssErrorHandler error
WARNING: CSS error: 'https://maxcdn.bootstrapcdn.com/bootstrap/3.2.0/css/bootstrap.min.css' [5:102209] Error in expression; ':' found after identifier "progid".
Aug 20, 2015 11:37:11 AM com.gargoylesoftware.htmlunit.DefaultCssErrorHandler error
WARNING: CSS error: 'https://maxcdn.bootstrapcdn.com/bootstrap/3.2.0/css/bootstrap.min.css' [5:102752] Error in expression; ':' found after identifier "progid".
Aug 20, 2015 11:37:11 AM com.gargoylesoftware.htmlunit.DefaultCssErrorHandler error
WARNING: CSS error: 'https://maxcdn.bootstrapcdn.com/bootstrap/3.2.0/css/bootstrap.min.css' [5:104304] Error in @media rule. (Invalid token "and". Was expecting one of: <S>, <LBRACE>, <COMMA>.)
Aug 20, 2015 11:37:11 AM com.gargoylesoftware.htmlunit.DefaultCssErrorHandler warning
WARNING: CSS warning: 'https://maxcdn.bootstrapcdn.com/bootstrap/3.2.0/css/bootstrap.min.css' [5:104304] Ignoring the whole rule.
Aug 20, 2015 11:37:11 AM com.gargoylesoftware.htmlunit.DefaultCssErrorHandler error
WARNING: CSS error: 'https://maxcdn.bootstrapcdn.com/bootstrap/3.2.0/css/bootstrap.min.css' [5:106626] Error in media list. (Invalid token "(". Was expecting one of: <S>, <IDENT>.)
Aug 20, 2015 11:37:11 AM com.gargoylesoftware.htmlunit.DefaultCssErrorHandler error
WARNING: CSS error: 'https://maxcdn.bootstrapcdn.com/bootstrap/3.2.0/css/bootstrap.min.css' [5:106818] Error in media list. (Invalid token "(". Was expecting one of: <S>, <IDENT>.)
Aug 20, 2015 11:37:11 AM com.gargoylesoftware.htmlunit.DefaultCssErrorHandler error
WARNING: CSS error: 'https://maxcdn.bootstrapcdn.com/bootstrap/3.2.0/css/bootstrap.min.css' [5:106886] Error in media list. (Invalid token "(". Was expecting one of: <S>, <IDENT>.)
Aug 20, 2015 11:37:11 AM com.gargoylesoftware.htmlunit.DefaultCssErrorHandler error
WARNING: CSS error: 'https://maxcdn.bootstrapcdn.com/bootstrap/3.2.0/css/bootstrap.min.css' [5:106956] Error in media list. (Invalid token "(". Was expecting one of: <S>, <IDENT>.)
Aug 20, 2015 11:37:11 AM com.gargoylesoftware.htmlunit.DefaultCssErrorHandler error
WARNING: CSS error: 'https://maxcdn.bootstrapcdn.com/bootstrap/3.2.0/css/bootstrap.min.css' [5:107038] Error in media list. (Invalid token "(". Was expecting one of: <S>, <IDENT>.)
Aug 20, 2015 11:37:11 AM com.gargoylesoftware.htmlunit.DefaultCssErrorHandler error
WARNING: CSS error: 'https://maxcdn.bootstrapcdn.com/bootstrap/3.2.0/css/bootstrap.min.css' [5:107252] Error in media list. (Invalid token "(". Was expecting one of: <S>, <IDENT>.)
Aug 20, 2015 11:37:11 AM com.gargoylesoftware.htmlunit.DefaultCssErrorHandler error
WARNING: CSS error: 'https://maxcdn.bootstrapcdn.com/bootstrap/3.2.0/css/bootstrap.min.css' [5:107342] Error in media list. (Invalid token "(". Was expecting one of: <S>, <IDENT>.)
Aug 20, 2015 11:37:11 AM com.gargoylesoftware.htmlunit.DefaultCssErrorHandler error
WARNING: CSS error: 'https://maxcdn.bootstrapcdn.com/bootstrap/3.2.0/css/bootstrap.min.css' [5:107434] Error in media list. (Invalid token "(". Was expecting one of: <S>, <IDENT>.)
Aug 20, 2015 11:37:11 AM com.gargoylesoftware.htmlunit.DefaultCssErrorHandler error
WARNING: CSS error: 'https://maxcdn.bootstrapcdn.com/bootstrap/3.2.0/css/bootstrap.min.css' [5:107538] Error in media list. (Invalid token "(". Was expecting one of: <S>, <IDENT>.)
Aug 20, 2015 11:37:11 AM com.gargoylesoftware.htmlunit.DefaultCssErrorHandler error
WARNING: CSS error: 'https://maxcdn.bootstrapcdn.com/bootstrap/3.2.0/css/bootstrap.min.css' [5:107753] Error in media list. (Invalid token "(". Was expecting one of: <S>, <IDENT>.)
Aug 20, 2015 11:37:11 AM com.gargoylesoftware.htmlunit.DefaultCssErrorHandler error
WARNING: CSS error: 'https://maxcdn.bootstrapcdn.com/bootstrap/3.2.0/css/bootstrap.min.css' [5:107844] Error in media list. (Invalid token "(". Was expecting one of: <S>, <IDENT>.)
Aug 20, 2015 11:37:11 AM com.gargoylesoftware.htmlunit.DefaultCssErrorHandler error
WARNING: CSS error: 'https://maxcdn.bootstrapcdn.com/bootstrap/3.2.0/css/bootstrap.min.css' [5:107937] Error in media list. (Invalid token "(". Was expecting one of: <S>, <IDENT>.)
Aug 20, 2015 11:37:11 AM com.gargoylesoftware.htmlunit.DefaultCssErrorHandler error
WARNING: CSS error: 'https://maxcdn.bootstrapcdn.com/bootstrap/3.2.0/css/bootstrap.min.css' [5:108042] Error in media list. (Invalid token "(". Was expecting one of: <S>, <IDENT>.)
Aug 20, 2015 11:37:11 AM com.gargoylesoftware.htmlunit.DefaultCssErrorHandler error
WARNING: CSS error: 'https://maxcdn.bootstrapcdn.com/bootstrap/3.2.0/css/bootstrap.min.css' [5:108235] Error in media list. (Invalid token "(". Was expecting one of: <S>, <IDENT>.)
Aug 20, 2015 11:37:11 AM com.gargoylesoftware.htmlunit.DefaultCssErrorHandler error
WARNING: CSS error: 'https://maxcdn.bootstrapcdn.com/bootstrap/3.2.0/css/bootstrap.min.css' [5:108304] Error in media list. (Invalid token "(". Was expecting one of: <S>, <IDENT>.)
Aug 20, 2015 11:37:11 AM com.gargoylesoftware.htmlunit.DefaultCssErrorHandler error
WARNING: CSS error: 'https://maxcdn.bootstrapcdn.com/bootstrap/3.2.0/css/bootstrap.min.css' [5:108375] Error in media list. (Invalid token "(". Was expecting one of: <S>, <IDENT>.)
Aug 20, 2015 11:37:11 AM com.gargoylesoftware.htmlunit.DefaultCssErrorHandler error
WARNING: CSS error: 'https://maxcdn.bootstrapcdn.com/bootstrap/3.2.0/css/bootstrap.min.css' [5:108458] Error in media list. (Invalid token "(". Was expecting one of: <S>, <IDENT>.)
Aug 20, 2015 11:37:11 AM com.gargoylesoftware.htmlunit.DefaultCssErrorHandler error
WARNING: CSS error: 'https://maxcdn.bootstrapcdn.com/bootstrap/3.2.0/css/bootstrap.min.css' [5:108518] Error in media list. (Invalid token "(". Was expecting one of: <S>, <IDENT>.)
Aug 20, 2015 11:37:11 AM com.gargoylesoftware.htmlunit.DefaultCssErrorHandler error
WARNING: CSS error: 'https://maxcdn.bootstrapcdn.com/bootstrap/3.2.0/css/bootstrap.min.css' [5:108600] Error in media list. (Invalid token "(". Was expecting one of: <S>, <IDENT>.)
Aug 20, 2015 11:37:11 AM com.gargoylesoftware.htmlunit.DefaultCssErrorHandler error
WARNING: CSS error: 'https://maxcdn.bootstrapcdn.com/bootstrap/3.2.0/css/bootstrap.min.css' [5:108683] Error in media list. (Invalid token "(". Was expecting one of: <S>, <IDENT>.)
Aug 20, 2015 11:37:11 AM com.gargoylesoftware.htmlunit.DefaultCssErrorHandler error
WARNING: CSS error: 'http://localhost:4567/styles.css' [1:1] Error in style sheet. (Invalid token "<". Was expecting one of: <EOF>, <S>, <IDENT>, "<!--", "-->", <HASH>, <IMPORT_SYM>, <PAGE_SYM>, <MEDIA_SYM>, <FONT_FACE_SYM>, <CHARSET_SYM>, ".", ":", "*", "[", <ATKEYWORD>.)
Aug 20, 2015 11:37:11 AM com.gargoylesoftware.htmlunit.DefaultCssErrorHandler error
WARNING: CSS error: 'http://localhost:4567/styles.css' [1:1] Error in style sheet. (Invalid token "<". Was expecting one of: <EOF>, <S>, <IDENT>, "<!--", "-->", <HASH>, <IMPORT_SYM>, <PAGE_SYM>, <MEDIA_SYM>, <FONT_FACE_SYM>, <CHARSET_SYM>, ".", ":", "*", "[", <ATKEYWORD>.)
[qtp53661252-22] ERROR spark.webserver.MatcherFilter - 
java.lang.NumberFormatException: For input string: "styles.css"
	at java.lang.NumberFormatException.forInputString(NumberFormatException.java:65)
	at java.lang.Integer.parseInt(Integer.java:580)
	at java.lang.Integer.parseInt(Integer.java:615)
	at App.lambda$main$7(App.java:82)
	at App$$Lambda$8/25326215.handle(Unknown Source)
	at spark.TemplateViewRouteImpl$1.handle(TemplateViewRouteImpl.java:66)
	at spark.webserver.MatcherFilter.doFilter(MatcherFilter.java:154)
	at spark.webserver.JettyHandler.doHandle(JettyHandler.java:60)
	at org.eclipse.jetty.server.session.SessionHandler.doScope(SessionHandler.java:179)
	at org.eclipse.jetty.server.handler.ScopedHandler.handle(ScopedHandler.java:136)
	at org.eclipse.jetty.server.handler.HandlerList.handle(HandlerList.java:52)
	at org.eclipse.jetty.server.handler.HandlerWrapper.handle(HandlerWrapper.java:97)
	at org.eclipse.jetty.server.Server.handle(Server.java:451)
	at org.eclipse.jetty.server.HttpChannel.run(HttpChannel.java:252)
	at org.eclipse.jetty.server.HttpConnection.onFillable(HttpConnection.java:266)
	at org.eclipse.jetty.io.AbstractConnection$ReadCallback.run(AbstractConnection.java:240)
	at org.eclipse.jetty.util.thread.QueuedThreadPool.runJob(QueuedThreadPool.java:596)
	at org.eclipse.jetty.util.thread.QueuedThreadPool$3.run(QueuedThreadPool.java:527)
	at java.lang.Thread.run(Thread.java:745)
Aug 20, 2015 11:37:11 AM com.gargoylesoftware.htmlunit.DefaultCssErrorHandler error
WARNING: CSS error: 'http://localhost:4567/categories/styles.css' [1:1] Error in style sheet. (Invalid token "<". Was expecting one of: <EOF>, <S>, <IDENT>, "<!--", "-->", <HASH>, <IMPORT_SYM>, <PAGE_SYM>, <MEDIA_SYM>, <FONT_FACE_SYM>, <CHARSET_SYM>, ".", ":", "*", "[", <ATKEYWORD>.)
[Test worker] INFO spark.webserver.SparkServer - >>> Spark shutting down ...
[Test worker] INFO org.eclipse.jetty.server.Server - Graceful shutdown org.eclipse.jetty.server.Server@6ba9def9 by 
[Test worker] INFO org.eclipse.jetty.server.ServerConnector - Stopped ServerConnector@3d10ada2{HTTP/1.1}{0.0.0.0:4567}
[Test worker] INFO spark.webserver.SparkServer - done
]]></system-err>
</testsuite>
